<?xml version="1.0" encoding="UTF-8"?>
<!-- Generated by org.testng.reporters.JUnitReportReporter -->
<testsuite skipped="0" hostname="YASH" name="anotations.DependsOnMethod" tests="3" failures="0" timestamp="29 Oct 2017 19:26:41 GMT" time="0.020" errors="0">
  <testcase name="editUser" time="0.012" classname="anotations.DependsOnMethod"/>
  <testcase name="deleteUser" time="0.006" classname="anotations.DependsOnMethod"/>
  <testcase name="registerUser" time="0.002" classname="anotations.DependsOnMethod"/>
</testsuite> <!-- anotations.DependsOnMethod -->
