<?xml version="1.0" encoding="UTF-8"?>
<!-- Generated by org.testng.reporters.JUnitReportReporter -->
<testsuite skipped="0" hostname="YASH" name="testngSimple.DemoB" tests="1" failures="0" timestamp="28 Oct 2017 19:23:47 GMT" time="0.011" errors="0">
  <testcase name="testA" time="0.011" classname="testngSimple.DemoB"/>
</testsuite> <!-- testngSimple.DemoB -->
