<?xml version="1.0" encoding="UTF-8"?>
<!-- Generated by org.testng.reporters.JUnitReportReporter -->
<testsuite skipped="0" hostname="YASH" name="anotations.ExecuteTestMethodMultipleTimes" tests="5" failures="0" timestamp="28 Oct 2017 19:59:27 GMT" time="0.012" errors="0">
  <testcase name="createUser" time="0.000" classname="anotations.ExecuteTestMethodMultipleTimes"/>
  <testcase name="createUser" time="0.001" classname="anotations.ExecuteTestMethodMultipleTimes"/>
  <testcase name="createUser" time="0.001" classname="anotations.ExecuteTestMethodMultipleTimes"/>
  <testcase name="createUser" time="0.009" classname="anotations.ExecuteTestMethodMultipleTimes"/>
  <testcase name="createUser" time="0.001" classname="anotations.ExecuteTestMethodMultipleTimes"/>
</testsuite> <!-- anotations.ExecuteTestMethodMultipleTimes -->
