<?xml version="1.0" encoding="UTF-8"?>
<!-- Generated by org.testng.reporters.JUnitReportReporter -->
<testsuite skipped="0" hostname="YASH" name="anotations.DataProviderAnnoataion" tests="2" failures="0" timestamp="29 Oct 2017 19:36:18 GMT" time="0.023" errors="0">
  <testcase name="createUser" time="0.021" classname="anotations.DataProviderAnnoataion"/>
  <testcase name="createUser" time="0.002" classname="anotations.DataProviderAnnoataion"/>
</testsuite> <!-- anotations.DataProviderAnnoataion -->
