<?xml version="1.0" encoding="UTF-8"?>
<!-- Generated by org.testng.reporters.JUnitReportReporter -->
<testsuite skipped="0" hostname="YASH" name="anotations.TestNGGroupForRegionalRegression" tests="2" failures="0" timestamp="29 Oct 2017 21:14:59 GMT" time="0.016" errors="0">
  <testcase name="createUser" time="0.016" classname="anotations.TestNGGroupForRegionalRegression"/>
  <testcase name="createTask" time="0.000" classname="anotations.TestNGGroupForRegionalRegression"/>
</testsuite> <!-- anotations.TestNGGroupForRegionalRegression -->
